{
  "RSpec": {
    "coverage": {
      "/Users/macbook/RubymineProjects/gift_list_challenge/app/models/user.rb": [
        null,
        null,
        null,
        null,
        null,
        null,
        null,
        null,
        null,
        null,
        null,
        null,
        null,
        null,
        1,
        null,
        null,
        1,
        null,
        null
      ],
      "/Users/macbook/RubymineProjects/gift_list_challenge/app/models/application_record.rb": [
        1,
        1,
        null
      ],
      "/Users/macbook/RubymineProjects/gift_list_challenge/app/helpers/application_helper.rb": [
        1,
        1,
        1,
        null,
        null
      ],
      "/Users/macbook/RubymineProjects/gift_list_challenge/app/controllers/categories/products_controller.rb": [
        1,
        1,
        2,
        null,
        null,
        null,
        null,
        1,
        null,
        1,
        4,
        null,
        null
      ],
      "/Users/macbook/RubymineProjects/gift_list_challenge/app/controllers/application_controller.rb": [
        1,
        1,
        null
      ],
      "/Users/macbook/RubymineProjects/gift_list_challenge/app/controllers/lists/product_items_controller.rb": [
        1,
        1,
        1,
        null,
        null,
        1,
        2,
        2,
        1,
        1,
        null,
        1,
        null,
        null,
        null,
        1,
        3,
        null,
        null
      ],
      "/Users/macbook/RubymineProjects/gift_list_challenge/app/controllers/lists_controller.rb": [
        1,
        1,
        null,
        1,
        1,
        null,
        null,
        1,
        1,
        null,
        null,
        1,
        1,
        1,
        null,
        null,
        1,
        2,
        2,
        1,
        1,
        null,
        1,
        null,
        null,
        null,
        1,
        null,
        1,
        2,
        null,
        null,
        1,
        1,
        null,
        null
      ],
      "/Users/macbook/RubymineProjects/gift_list_challenge/app/models/category.rb": [
        null,
        null,
        null,
        null,
        null,
        null,
        null,
        null,
        null,
        null,
        1,
        1,
        1,
        null,
        1,
        null
      ],
      "/Users/macbook/RubymineProjects/gift_list_challenge/app/models/list.rb": [
        null,
        null,
        null,
        null,
        null,
        null,
        null,
        null,
        null,
        null,
        null,
        null,
        null,
        1,
        1,
        1,
        null,
        1,
        null
      ],
      "/Users/macbook/RubymineProjects/gift_list_challenge/app/models/product_item.rb": [
        null,
        null,
        null,
        null,
        null,
        null,
        null,
        null,
        null,
        null,
        null,
        1,
        1,
        1,
        null
      ],
      "/Users/macbook/RubymineProjects/gift_list_challenge/app/models/product.rb": [
        null,
        null,
        null,
        null,
        null,
        null,
        null,
        null,
        null,
        null,
        null,
        null,
        null,
        null,
        1,
        1,
        null,
        1,
        3,
        null,
        null,
        1,
        1,
        null
      ],
      "/Users/macbook/RubymineProjects/gift_list_challenge/app/services/lists/customization_list_creator.rb": [
        1,
        1,
        4,
        null,
        null,
        1,
        4,
        null,
        null,
        1,
        4,
        4,
        4,
        null,
        null
      ],
      "/Users/macbook/RubymineProjects/gift_list_challenge/app/services/lists/product_items/product_item_creator.rb": [
        1,
        1,
        4,
        null,
        null,
        1,
        4,
        4,
        null,
        null,
        1,
        4,
        4,
        8,
        8,
        8,
        null,
        4,
        null,
        null
      ]
    },
    "timestamp": 1565722249
  }
}
